CRITICAL - 2023-12-14 00:34:19 --> The framework needs the following extension(s) installed and loaded: intl.
in SYSTEMPATH\CodeIgniter.php on line 252.
 1 SYSTEMPATH\CodeIgniter.php(252): CodeIgniter\Exceptions\FrameworkException::forMissingExtension('intl')
 2 SYSTEMPATH\CodeIgniter.php(214): CodeIgniter\CodeIgniter->resolvePlatformExtensions()
 3 ROOTPATH\spark(88): CodeIgniter\CodeIgniter->initialize()
CRITICAL - 2023-12-14 00:34:21 --> Uncaught Error: Class "Locale" not found in F:\AMIKOM\WEBSITE LAB\cart_online_0831\system\I18n\TimeTrait.php:74
Stack trace:
#0 F:\AMIKOM\WEBSITE LAB\cart_online_0831\system\I18n\TimeTrait.php(115): CodeIgniter\I18n\Time->__construct(NULL, NULL, NULL)
#1 F:\AMIKOM\WEBSITE LAB\cart_online_0831\system\HTTP\ResponseTrait.php(468): CodeIgniter\I18n\Time::now()
#2 F:\AMIKOM\WEBSITE LAB\cart_online_0831\system\HTTP\ResponseTrait.php(446): CodeIgniter\HTTP\Response->sendHeaders()
#3 F:\AMIKOM\WEBSITE LAB\cart_online_0831\system\Debug\ExceptionHandler.php(81): CodeIgniter\HTTP\Response->send()
#4 F:\AMIKOM\WEBSITE LAB\cart_online_0831\system\Debug\Exceptions.php(148): CodeIgniter\Debug\ExceptionHandler->handle(Object(CodeIgniter\Exceptions\FrameworkException), Object(CodeIgniter\HTTP\IncomingRequest), Object(CodeIgniter\HTTP\Response), 500, 1)
#5 [internal function]: CodeIgniter\Debug\Exceptions->exceptionHandler(Object(CodeIgniter\Exceptions\FrameworkException))
#6 {main}
  thrown
【Previous Exception】
CodeIgniter\Exceptions\FrameworkException
The framework needs the following extension(s) installed and loaded: intl.
#0 F:\AMIKOM\WEBSITE LAB\cart_online_0831\system\CodeIgniter.php(252): CodeIgniter\Exceptions\FrameworkException::forMissingExtension('intl')
#1 F:\AMIKOM\WEBSITE LAB\cart_online_0831\system\CodeIgniter.php(214): CodeIgniter\CodeIgniter->resolvePlatformExtensions()
#2 F:\AMIKOM\WEBSITE LAB\cart_online_0831\spark(88): CodeIgniter\CodeIgniter->initialize()
#3 {main}
in SYSTEMPATH\I18n\TimeTrait.php on line 74.
 1 [internal function]: CodeIgniter\Debug\Exceptions->shutdownHandler()
CRITICAL - 2023-12-14 00:35:12 --> The framework needs the following extension(s) installed and loaded: intl.
in SYSTEMPATH\CodeIgniter.php on line 252.
 1 SYSTEMPATH\CodeIgniter.php(252): CodeIgniter\Exceptions\FrameworkException::forMissingExtension('intl')
 2 SYSTEMPATH\CodeIgniter.php(214): CodeIgniter\CodeIgniter->resolvePlatformExtensions()
 3 ROOTPATH\spark(88): CodeIgniter\CodeIgniter->initialize()
CRITICAL - 2023-12-14 00:35:12 --> Uncaught Error: Class "Locale" not found in F:\AMIKOM\WEBSITE LAB\cart_online_0831\system\I18n\TimeTrait.php:74
Stack trace:
#0 F:\AMIKOM\WEBSITE LAB\cart_online_0831\system\I18n\TimeTrait.php(115): CodeIgniter\I18n\Time->__construct(NULL, NULL, NULL)
#1 F:\AMIKOM\WEBSITE LAB\cart_online_0831\system\HTTP\ResponseTrait.php(468): CodeIgniter\I18n\Time::now()
#2 F:\AMIKOM\WEBSITE LAB\cart_online_0831\system\HTTP\ResponseTrait.php(446): CodeIgniter\HTTP\Response->sendHeaders()
#3 F:\AMIKOM\WEBSITE LAB\cart_online_0831\system\Debug\ExceptionHandler.php(81): CodeIgniter\HTTP\Response->send()
#4 F:\AMIKOM\WEBSITE LAB\cart_online_0831\system\Debug\Exceptions.php(148): CodeIgniter\Debug\ExceptionHandler->handle(Object(CodeIgniter\Exceptions\FrameworkException), Object(CodeIgniter\HTTP\IncomingRequest), Object(CodeIgniter\HTTP\Response), 500, 1)
#5 [internal function]: CodeIgniter\Debug\Exceptions->exceptionHandler(Object(CodeIgniter\Exceptions\FrameworkException))
#6 {main}
  thrown
【Previous Exception】
CodeIgniter\Exceptions\FrameworkException
The framework needs the following extension(s) installed and loaded: intl.
#0 F:\AMIKOM\WEBSITE LAB\cart_online_0831\system\CodeIgniter.php(252): CodeIgniter\Exceptions\FrameworkException::forMissingExtension('intl')
#1 F:\AMIKOM\WEBSITE LAB\cart_online_0831\system\CodeIgniter.php(214): CodeIgniter\CodeIgniter->resolvePlatformExtensions()
#2 F:\AMIKOM\WEBSITE LAB\cart_online_0831\spark(88): CodeIgniter\CodeIgniter->initialize()
#3 {main}
in SYSTEMPATH\I18n\TimeTrait.php on line 74.
 1 [internal function]: CodeIgniter\Debug\Exceptions->shutdownHandler()
CRITICAL - 2023-12-14 06:39:59 --> The framework needs the following extension(s) installed and loaded: intl.
in SYSTEMPATH/CodeIgniter.php on line 252.
 1 SYSTEMPATH/CodeIgniter.php(252): CodeIgniter\Exceptions\FrameworkException::forMissingExtension()
 2 SYSTEMPATH/CodeIgniter.php(214): CodeIgniter\CodeIgniter->resolvePlatformExtensions()
 3 ROOTPATH/spark(88): CodeIgniter\CodeIgniter->initialize()
CRITICAL - 2023-12-14 06:39:59 --> Uncaught Error: Class "Locale" not found in /media/sach/AFX/AMIKOM/WEBSITE LAB/cart_online_0831/system/I18n/TimeTrait.php:74
Stack trace:
#0 /media/sach/AFX/AMIKOM/WEBSITE LAB/cart_online_0831/system/I18n/TimeTrait.php(115): CodeIgniter\I18n\Time->__construct()
#1 /media/sach/AFX/AMIKOM/WEBSITE LAB/cart_online_0831/system/HTTP/ResponseTrait.php(468): CodeIgniter\I18n\Time::now()
#2 /media/sach/AFX/AMIKOM/WEBSITE LAB/cart_online_0831/system/HTTP/ResponseTrait.php(446): CodeIgniter\HTTP\Response->sendHeaders()
#3 /media/sach/AFX/AMIKOM/WEBSITE LAB/cart_online_0831/system/Debug/ExceptionHandler.php(81): CodeIgniter\HTTP\Response->send()
#4 /media/sach/AFX/AMIKOM/WEBSITE LAB/cart_online_0831/system/Debug/Exceptions.php(148): CodeIgniter\Debug\ExceptionHandler->handle()
#5 [internal function]: CodeIgniter\Debug\Exceptions->exceptionHandler()
#6 {main}
  thrown
【Previous Exception】
CodeIgniter\Exceptions\FrameworkException
The framework needs the following extension(s) installed and loaded: intl.
#0 /media/sach/AFX/AMIKOM/WEBSITE LAB/cart_online_0831/system/CodeIgniter.php(252): CodeIgniter\Exceptions\FrameworkException::forMissingExtension()
#1 /media/sach/AFX/AMIKOM/WEBSITE LAB/cart_online_0831/system/CodeIgniter.php(214): CodeIgniter\CodeIgniter->resolvePlatformExtensions()
#2 /media/sach/AFX/AMIKOM/WEBSITE LAB/cart_online_0831/spark(88): CodeIgniter\CodeIgniter->initialize()
#3 {main}
in SYSTEMPATH/I18n/TimeTrait.php on line 74.
 1 [internal function]: CodeIgniter\Debug\Exceptions->shutdownHandler()
CRITICAL - 2023-12-14 01:03:21 --> The framework needs the following extension(s) installed and loaded: intl.
in SYSTEMPATH\CodeIgniter.php on line 252.
 1 SYSTEMPATH\CodeIgniter.php(252): CodeIgniter\Exceptions\FrameworkException::forMissingExtension('intl')
 2 SYSTEMPATH\CodeIgniter.php(214): CodeIgniter\CodeIgniter->resolvePlatformExtensions()
 3 ROOTPATH\spark(88): CodeIgniter\CodeIgniter->initialize()
CRITICAL - 2023-12-14 01:03:22 --> Uncaught Error: Class "Locale" not found in F:\AMIKOM\WEBSITE LAB\cart_online_0831\system\I18n\TimeTrait.php:74
Stack trace:
#0 F:\AMIKOM\WEBSITE LAB\cart_online_0831\system\I18n\TimeTrait.php(115): CodeIgniter\I18n\Time->__construct(NULL, NULL, NULL)
#1 F:\AMIKOM\WEBSITE LAB\cart_online_0831\system\HTTP\ResponseTrait.php(468): CodeIgniter\I18n\Time::now()
#2 F:\AMIKOM\WEBSITE LAB\cart_online_0831\system\HTTP\ResponseTrait.php(446): CodeIgniter\HTTP\Response->sendHeaders()
#3 F:\AMIKOM\WEBSITE LAB\cart_online_0831\system\Debug\ExceptionHandler.php(81): CodeIgniter\HTTP\Response->send()
#4 F:\AMIKOM\WEBSITE LAB\cart_online_0831\system\Debug\Exceptions.php(149): CodeIgniter\Debug\ExceptionHandler->handle(Object(CodeIgniter\Exceptions\FrameworkException), Object(CodeIgniter\HTTP\IncomingRequest), Object(CodeIgniter\HTTP\Response), 500, 1)
#5 [internal function]: CodeIgniter\Debug\Exceptions->exceptionHandler(Object(CodeIgniter\Exceptions\FrameworkException))
#6 {main}
  thrown
【Previous Exception】
CodeIgniter\Exceptions\FrameworkException
The framework needs the following extension(s) installed and loaded: intl.
#0 F:\AMIKOM\WEBSITE LAB\cart_online_0831\system\CodeIgniter.php(252): CodeIgniter\Exceptions\FrameworkException::forMissingExtension('intl')
#1 F:\AMIKOM\WEBSITE LAB\cart_online_0831\system\CodeIgniter.php(214): CodeIgniter\CodeIgniter->resolvePlatformExtensions()
#2 F:\AMIKOM\WEBSITE LAB\cart_online_0831\spark(88): CodeIgniter\CodeIgniter->initialize()
#3 {main}
in SYSTEMPATH\I18n\TimeTrait.php on line 74.
 1 [internal function]: CodeIgniter\Debug\Exceptions->shutdownHandler()
CRITICAL - 2023-12-14 08:04:20 --> The framework needs the following extension(s) installed and loaded: intl.
in SYSTEMPATH\CodeIgniter.php on line 252.
 1 SYSTEMPATH\CodeIgniter.php(252): CodeIgniter\Exceptions\FrameworkException::forMissingExtension('intl')
 2 SYSTEMPATH\CodeIgniter.php(214): CodeIgniter\CodeIgniter->resolvePlatformExtensions()
 3 ROOTPATH\spark(88): CodeIgniter\CodeIgniter->initialize()
CRITICAL - 2023-12-14 08:04:21 --> Uncaught Error: Class "Locale" not found in G:\AMIKOM\WEBSITE LAB\cart_online_0831\system\I18n\TimeTrait.php:74
Stack trace:
#0 G:\AMIKOM\WEBSITE LAB\cart_online_0831\system\I18n\TimeTrait.php(115): CodeIgniter\I18n\Time->__construct(NULL, NULL, NULL)
#1 G:\AMIKOM\WEBSITE LAB\cart_online_0831\system\HTTP\ResponseTrait.php(468): CodeIgniter\I18n\Time::now()
#2 G:\AMIKOM\WEBSITE LAB\cart_online_0831\system\HTTP\ResponseTrait.php(446): CodeIgniter\HTTP\Response->sendHeaders()
#3 G:\AMIKOM\WEBSITE LAB\cart_online_0831\system\Debug\ExceptionHandler.php(81): CodeIgniter\HTTP\Response->send()
#4 G:\AMIKOM\WEBSITE LAB\cart_online_0831\system\Debug\Exceptions.php(148): CodeIgniter\Debug\ExceptionHandler->handle(Object(CodeIgniter\Exceptions\FrameworkException), Object(CodeIgniter\HTTP\IncomingRequest), Object(CodeIgniter\HTTP\Response), 500, 1)
#5 [internal function]: CodeIgniter\Debug\Exceptions->exceptionHandler(Object(CodeIgniter\Exceptions\FrameworkException))
#6 {main}
  thrown
【Previous Exception】
CodeIgniter\Exceptions\FrameworkException
The framework needs the following extension(s) installed and loaded: intl.
#0 G:\AMIKOM\WEBSITE LAB\cart_online_0831\system\CodeIgniter.php(252): CodeIgniter\Exceptions\FrameworkException::forMissingExtension('intl')
#1 G:\AMIKOM\WEBSITE LAB\cart_online_0831\system\CodeIgniter.php(214): CodeIgniter\CodeIgniter->resolvePlatformExtensions()
#2 G:\AMIKOM\WEBSITE LAB\cart_online_0831\spark(88): CodeIgniter\CodeIgniter->initialize()
#3 {main}
in SYSTEMPATH\I18n\TimeTrait.php on line 74.
 1 [internal function]: CodeIgniter\Debug\Exceptions->shutdownHandler()
CRITICAL - 2023-12-14 01:09:56 --> The framework needs the following extension(s) installed and loaded: intl.
in SYSTEMPATH\CodeIgniter.php on line 252.
 1 SYSTEMPATH\CodeIgniter.php(252): CodeIgniter\Exceptions\FrameworkException::forMissingExtension('intl')
 2 SYSTEMPATH\CodeIgniter.php(214): CodeIgniter\CodeIgniter->resolvePlatformExtensions()
 3 ROOTPATH\spark(88): CodeIgniter\CodeIgniter->initialize()
CRITICAL - 2023-12-14 01:09:56 --> Uncaught Error: Class "Locale" not found in F:\AMIKOM\WEBSITE LAB\cart_online_0831\system\I18n\TimeTrait.php:74
Stack trace:
#0 F:\AMIKOM\WEBSITE LAB\cart_online_0831\system\I18n\TimeTrait.php(115): CodeIgniter\I18n\Time->__construct(NULL, NULL, NULL)
#1 F:\AMIKOM\WEBSITE LAB\cart_online_0831\system\HTTP\ResponseTrait.php(468): CodeIgniter\I18n\Time::now()
#2 F:\AMIKOM\WEBSITE LAB\cart_online_0831\system\HTTP\ResponseTrait.php(446): CodeIgniter\HTTP\Response->sendHeaders()
#3 F:\AMIKOM\WEBSITE LAB\cart_online_0831\system\Debug\ExceptionHandler.php(81): CodeIgniter\HTTP\Response->send()
#4 F:\AMIKOM\WEBSITE LAB\cart_online_0831\system\Debug\Exceptions.php(148): CodeIgniter\Debug\ExceptionHandler->handle(Object(CodeIgniter\Exceptions\FrameworkException), Object(CodeIgniter\HTTP\IncomingRequest), Object(CodeIgniter\HTTP\Response), 500, 1)
#5 [internal function]: CodeIgniter\Debug\Exceptions->exceptionHandler(Object(CodeIgniter\Exceptions\FrameworkException))
#6 {main}
  thrown
【Previous Exception】
CodeIgniter\Exceptions\FrameworkException
The framework needs the following extension(s) installed and loaded: intl.
#0 F:\AMIKOM\WEBSITE LAB\cart_online_0831\system\CodeIgniter.php(252): CodeIgniter\Exceptions\FrameworkException::forMissingExtension('intl')
#1 F:\AMIKOM\WEBSITE LAB\cart_online_0831\system\CodeIgniter.php(214): CodeIgniter\CodeIgniter->resolvePlatformExtensions()
#2 F:\AMIKOM\WEBSITE LAB\cart_online_0831\spark(88): CodeIgniter\CodeIgniter->initialize()
#3 {main}
in SYSTEMPATH\I18n\TimeTrait.php on line 74.
 1 [internal function]: CodeIgniter\Debug\Exceptions->shutdownHandler()
CRITICAL - 2023-12-14 01:10:35 --> The framework needs the following extension(s) installed and loaded: intl.
in SYSTEMPATH\CodeIgniter.php on line 252.
 1 SYSTEMPATH\CodeIgniter.php(252): CodeIgniter\Exceptions\FrameworkException::forMissingExtension('intl')
 2 SYSTEMPATH\CodeIgniter.php(214): CodeIgniter\CodeIgniter->resolvePlatformExtensions()
 3 ROOTPATH\spark(88): CodeIgniter\CodeIgniter->initialize()
CRITICAL - 2023-12-14 01:10:35 --> Uncaught Error: Class "Locale" not found in F:\AMIKOM\WEBSITE LAB\cart_online_0831\system\I18n\TimeTrait.php:74
Stack trace:
#0 F:\AMIKOM\WEBSITE LAB\cart_online_0831\system\I18n\TimeTrait.php(115): CodeIgniter\I18n\Time->__construct(NULL, NULL, NULL)
#1 F:\AMIKOM\WEBSITE LAB\cart_online_0831\system\HTTP\ResponseTrait.php(468): CodeIgniter\I18n\Time::now()
#2 F:\AMIKOM\WEBSITE LAB\cart_online_0831\system\HTTP\ResponseTrait.php(446): CodeIgniter\HTTP\Response->sendHeaders()
#3 F:\AMIKOM\WEBSITE LAB\cart_online_0831\system\Debug\ExceptionHandler.php(81): CodeIgniter\HTTP\Response->send()
#4 F:\AMIKOM\WEBSITE LAB\cart_online_0831\system\Debug\Exceptions.php(148): CodeIgniter\Debug\ExceptionHandler->handle(Object(CodeIgniter\Exceptions\FrameworkException), Object(CodeIgniter\HTTP\IncomingRequest), Object(CodeIgniter\HTTP\Response), 500, 1)
#5 [internal function]: CodeIgniter\Debug\Exceptions->exceptionHandler(Object(CodeIgniter\Exceptions\FrameworkException))
#6 {main}
  thrown
【Previous Exception】
CodeIgniter\Exceptions\FrameworkException
The framework needs the following extension(s) installed and loaded: intl.
#0 F:\AMIKOM\WEBSITE LAB\cart_online_0831\system\CodeIgniter.php(252): CodeIgniter\Exceptions\FrameworkException::forMissingExtension('intl')
#1 F:\AMIKOM\WEBSITE LAB\cart_online_0831\system\CodeIgniter.php(214): CodeIgniter\CodeIgniter->resolvePlatformExtensions()
#2 F:\AMIKOM\WEBSITE LAB\cart_online_0831\spark(88): CodeIgniter\CodeIgniter->initialize()
#3 {main}
in SYSTEMPATH\I18n\TimeTrait.php on line 74.
 1 [internal function]: CodeIgniter\Debug\Exceptions->shutdownHandler()
INFO - 2023-12-14 00:34:24 --> Session: Class initialized using 'CodeIgniter\Session\Handlers\FileHandler' driver.
INFO - 2023-12-14 00:34:32 --> Session: Class initialized using 'CodeIgniter\Session\Handlers\FileHandler' driver.
INFO - 2023-12-14 00:34:39 --> Session: Class initialized using 'CodeIgniter\Session\Handlers\FileHandler' driver.
INFO - 2023-12-14 00:35:30 --> Session: Class initialized using 'CodeIgniter\Session\Handlers\FileHandler' driver.
INFO - 2023-12-14 02:36:42 --> Session: Class initialized using 'CodeIgniter\Session\Handlers\FileHandler' driver.
ERROR - 2023-12-14 02:37:16 --> Error connecting to the database: mysqli_sql_exception: No connection could be made because the target machine actively refused it in E:\CODE\cart_online_0831\system\Database\MySQLi\Connection.php:184
Stack trace:
#0 E:\CODE\cart_online_0831\system\Database\MySQLi\Connection.php(184): mysqli->real_connect('localhost', 'root', Object(SensitiveParameterValue), 'cart_online_083...', 3306, '', 0)
#1 E:\CODE\cart_online_0831\system\Database\BaseConnection.php(392): CodeIgniter\Database\MySQLi\Connection->connect(false)
#2 E:\CODE\cart_online_0831\system\Database\BaseConnection.php(575): CodeIgniter\Database\BaseConnection->initialize()
#3 E:\CODE\cart_online_0831\system\Database\BaseBuilder.php(1615): CodeIgniter\Database\BaseConnection->query('SELECT *\nFROM `...', Array, false)
#4 E:\CODE\cart_online_0831\system\Model.php(871): CodeIgniter\Database\BaseBuilder->get()
#5 E:\CODE\cart_online_0831\app\Controllers\Produk.php(26): CodeIgniter\Model->__call('get', Array)
#6 E:\CODE\cart_online_0831\system\CodeIgniter.php(942): App\Controllers\Produk->index()
#7 E:\CODE\cart_online_0831\system\CodeIgniter.php(502): CodeIgniter\CodeIgniter->runController(Object(App\Controllers\Produk))
#8 E:\CODE\cart_online_0831\system\CodeIgniter.php(361): CodeIgniter\CodeIgniter->handleRequest(NULL, Object(Config\Cache), false)
#9 E:\CODE\cart_online_0831\public\index.php(79): CodeIgniter\CodeIgniter->run()
#10 E:\CODE\cart_online_0831\system\Commands\Server\rewrite.php(47): require_once('E:\\CODE\\cart_on...')
#11 {main}

Next CodeIgniter\Database\Exceptions\DatabaseException: No connection could be made because the target machine actively refused it in E:\CODE\cart_online_0831\system\Database\MySQLi\Connection.php:229
Stack trace:
#0 E:\CODE\cart_online_0831\system\Database\BaseConnection.php(392): CodeIgniter\Database\MySQLi\Connection->connect(false)
#1 E:\CODE\cart_online_0831\system\Database\BaseConnection.php(575): CodeIgniter\Database\BaseConnection->initialize()
#2 E:\CODE\cart_online_0831\system\Database\BaseBuilder.php(1615): CodeIgniter\Database\BaseConnection->query('SELECT *\nFROM `...', Array, false)
#3 E:\CODE\cart_online_0831\system\Model.php(871): CodeIgniter\Database\BaseBuilder->get()
#4 E:\CODE\cart_online_0831\app\Controllers\Produk.php(26): CodeIgniter\Model->__call('get', Array)
#5 E:\CODE\cart_online_0831\system\CodeIgniter.php(942): App\Controllers\Produk->index()
#6 E:\CODE\cart_online_0831\system\CodeIgniter.php(502): CodeIgniter\CodeIgniter->runController(Object(App\Controllers\Produk))
#7 E:\CODE\cart_online_0831\system\CodeIgniter.php(361): CodeIgniter\CodeIgniter->handleRequest(NULL, Object(Config\Cache), false)
#8 E:\CODE\cart_online_0831\public\index.php(79): CodeIgniter\CodeIgniter->run()
#9 E:\CODE\cart_online_0831\system\Commands\Server\rewrite.php(47): require_once('E:\\CODE\\cart_on...')
#10 {main}
CRITICAL - 2023-12-14 02:37:16 --> Unable to connect to the database.
Main connection [MySQLi]: No connection could be made because the target machine actively refused it
in SYSTEMPATH\Database\BaseConnection.php on line 428.
 1 SYSTEMPATH\Database\BaseConnection.php(575): CodeIgniter\Database\BaseConnection->initialize()
 2 SYSTEMPATH\Database\BaseBuilder.php(1615): CodeIgniter\Database\BaseConnection->query('SELECT *
FROM `produk`
WHERE `kode_produk` LIKE :kode_produk: ESCAPE \'!\'', [...], false)
 3 SYSTEMPATH\Model.php(871): CodeIgniter\Database\BaseBuilder->get()
 4 APPPATH\Controllers\Produk.php(26): CodeIgniter\Model->__call('get', [])
 5 SYSTEMPATH\CodeIgniter.php(942): App\Controllers\Produk->index()
 6 SYSTEMPATH\CodeIgniter.php(502): CodeIgniter\CodeIgniter->runController(Object(App\Controllers\Produk))
 7 SYSTEMPATH\CodeIgniter.php(361): CodeIgniter\CodeIgniter->handleRequest(null, Object(Config\Cache), false)
 8 FCPATH\index.php(79): CodeIgniter\CodeIgniter->run()
 9 SYSTEMPATH\Commands\Server\rewrite.php(47): require_once('E:\\CODE\\cart_online_0831\\public\\index.php')
INFO - 2023-12-14 02:37:19 --> Session: Class initialized using 'CodeIgniter\Session\Handlers\FileHandler' driver.
