CRITICAL - 2023-11-16 09:03:57 --> No validation rules for the placeholder: id_produk
in SYSTEMPATH\Validation\Validation.php on line 769.
 1 SYSTEMPATH\Validation\Validation.php(156): CodeIgniter\Validation\Validation->fillPlaceholders([...], [...])
 2 SYSTEMPATH\BaseModel.php(1495): CodeIgniter\Validation\Validation->run([...], null, null)
 3 SYSTEMPATH\BaseModel.php(751): CodeIgniter\BaseModel->validate([...])
 4 SYSTEMPATH\Model.php(715): CodeIgniter\BaseModel->insert([...], true)
 5 APPPATH\Controllers\Produk.php(90): CodeIgniter\Model->insert([...])
 6 SYSTEMPATH\CodeIgniter.php(942): App\Controllers\Produk->proses_input()
 7 SYSTEMPATH\CodeIgniter.php(502): CodeIgniter\CodeIgniter->runController(Object(App\Controllers\Produk))
 8 SYSTEMPATH\CodeIgniter.php(361): CodeIgniter\CodeIgniter->handleRequest(null, Object(Config\Cache), false)
 9 FCPATH\index.php(79): CodeIgniter\CodeIgniter->run()
10 SYSTEMPATH\Commands\Server\rewrite.php(47): require_once('D:\\Kerjaan\\web-dev\\materi praktek\\cart_online_4nim\\public\\index.php')
CRITICAL - 2023-11-16 09:05:03 --> The placeholder field cannot use placeholder: kode_produk
in SYSTEMPATH\Validation\Validation.php on line 777.
 1 SYSTEMPATH\Validation\Validation.php(156): CodeIgniter\Validation\Validation->fillPlaceholders([...], [...])
 2 SYSTEMPATH\BaseModel.php(1495): CodeIgniter\Validation\Validation->run([...], null, null)
 3 SYSTEMPATH\BaseModel.php(751): CodeIgniter\BaseModel->validate([...])
 4 SYSTEMPATH\Model.php(715): CodeIgniter\BaseModel->insert([...], true)
 5 APPPATH\Controllers\Produk.php(90): CodeIgniter\Model->insert([...])
 6 SYSTEMPATH\CodeIgniter.php(942): App\Controllers\Produk->proses_input()
 7 SYSTEMPATH\CodeIgniter.php(502): CodeIgniter\CodeIgniter->runController(Object(App\Controllers\Produk))
 8 SYSTEMPATH\CodeIgniter.php(361): CodeIgniter\CodeIgniter->handleRequest(null, Object(Config\Cache), false)
 9 FCPATH\index.php(79): CodeIgniter\CodeIgniter->run()
10 SYSTEMPATH\Commands\Server\rewrite.php(47): require_once('D:\\Kerjaan\\web-dev\\materi praktek\\cart_online_4nim\\public\\index.php')
CRITICAL - 2023-11-16 09:05:25 --> No validation rules for the placeholder: id_produk
in SYSTEMPATH\Validation\Validation.php on line 769.
 1 SYSTEMPATH\Validation\Validation.php(156): CodeIgniter\Validation\Validation->fillPlaceholders([...], [...])
 2 SYSTEMPATH\BaseModel.php(1495): CodeIgniter\Validation\Validation->run([...], null, null)
 3 SYSTEMPATH\BaseModel.php(751): CodeIgniter\BaseModel->validate([...])
 4 SYSTEMPATH\Model.php(715): CodeIgniter\BaseModel->insert([...], true)
 5 APPPATH\Controllers\Produk.php(90): CodeIgniter\Model->insert([...])
 6 SYSTEMPATH\CodeIgniter.php(942): App\Controllers\Produk->proses_input()
 7 SYSTEMPATH\CodeIgniter.php(502): CodeIgniter\CodeIgniter->runController(Object(App\Controllers\Produk))
 8 SYSTEMPATH\CodeIgniter.php(361): CodeIgniter\CodeIgniter->handleRequest(null, Object(Config\Cache), false)
 9 FCPATH\index.php(79): CodeIgniter\CodeIgniter->run()
10 SYSTEMPATH\Commands\Server\rewrite.php(47): require_once('D:\\Kerjaan\\web-dev\\materi praktek\\cart_online_4nim\\public\\index.php')
CRITICAL - 2023-11-16 09:06:21 --> The placeholder field cannot use placeholder: kode_produk
in SYSTEMPATH\Validation\Validation.php on line 777.
 1 SYSTEMPATH\Validation\Validation.php(156): CodeIgniter\Validation\Validation->fillPlaceholders([...], [...])
 2 SYSTEMPATH\BaseModel.php(1495): CodeIgniter\Validation\Validation->run([...], null, null)
 3 SYSTEMPATH\BaseModel.php(751): CodeIgniter\BaseModel->validate([...])
 4 SYSTEMPATH\Model.php(715): CodeIgniter\BaseModel->insert([...], true)
 5 APPPATH\Controllers\Produk.php(90): CodeIgniter\Model->insert([...])
 6 SYSTEMPATH\CodeIgniter.php(942): App\Controllers\Produk->proses_input()
 7 SYSTEMPATH\CodeIgniter.php(502): CodeIgniter\CodeIgniter->runController(Object(App\Controllers\Produk))
 8 SYSTEMPATH\CodeIgniter.php(361): CodeIgniter\CodeIgniter->handleRequest(null, Object(Config\Cache), false)
 9 FCPATH\index.php(79): CodeIgniter\CodeIgniter->run()
10 SYSTEMPATH\Commands\Server\rewrite.php(47): require_once('D:\\Kerjaan\\web-dev\\materi praktek\\cart_online_4nim\\public\\index.php')
CRITICAL - 2023-11-16 09:28:24 --> The placeholder field cannot use placeholder: kode_produk
in SYSTEMPATH\Validation\Validation.php on line 777.
 1 SYSTEMPATH\Validation\Validation.php(156): CodeIgniter\Validation\Validation->fillPlaceholders([...], [...])
 2 SYSTEMPATH\BaseModel.php(1495): CodeIgniter\Validation\Validation->run([...], null, null)
 3 SYSTEMPATH\BaseModel.php(751): CodeIgniter\BaseModel->validate([...])
 4 SYSTEMPATH\Model.php(715): CodeIgniter\BaseModel->insert([...], true)
 5 APPPATH\Controllers\Produk.php(90): CodeIgniter\Model->insert([...])
 6 SYSTEMPATH\CodeIgniter.php(942): App\Controllers\Produk->proses_input()
 7 SYSTEMPATH\CodeIgniter.php(502): CodeIgniter\CodeIgniter->runController(Object(App\Controllers\Produk))
 8 SYSTEMPATH\CodeIgniter.php(361): CodeIgniter\CodeIgniter->handleRequest(null, Object(Config\Cache), false)
 9 FCPATH\index.php(79): CodeIgniter\CodeIgniter->run()
10 SYSTEMPATH\Commands\Server\rewrite.php(47): require_once('D:\\Kerjaan\\web-dev\\materi praktek\\cart_online_4nim\\public\\index.php')
CRITICAL - 2023-11-16 09:33:22 --> The placeholder field cannot use placeholder: kode_produk
in SYSTEMPATH\Validation\Validation.php on line 777.
 1 SYSTEMPATH\Validation\Validation.php(156): CodeIgniter\Validation\Validation->fillPlaceholders([...], [...])
 2 SYSTEMPATH\BaseModel.php(1495): CodeIgniter\Validation\Validation->run([...], null, null)
 3 SYSTEMPATH\BaseModel.php(751): CodeIgniter\BaseModel->validate([...])
 4 SYSTEMPATH\Model.php(715): CodeIgniter\BaseModel->insert([...], true)
 5 APPPATH\Controllers\Produk.php(90): CodeIgniter\Model->insert([...])
 6 SYSTEMPATH\CodeIgniter.php(942): App\Controllers\Produk->proses_input()
 7 SYSTEMPATH\CodeIgniter.php(502): CodeIgniter\CodeIgniter->runController(Object(App\Controllers\Produk))
 8 SYSTEMPATH\CodeIgniter.php(361): CodeIgniter\CodeIgniter->handleRequest(null, Object(Config\Cache), false)
 9 FCPATH\index.php(79): CodeIgniter\CodeIgniter->run()
10 SYSTEMPATH\Commands\Server\rewrite.php(47): require_once('D:\\Kerjaan\\web-dev\\materi praktek\\cart_online_4nim\\public\\index.php')
CRITICAL - 2023-11-16 09:33:32 --> No validation rules for the placeholder: id_produk
in SYSTEMPATH\Validation\Validation.php on line 769.
 1 SYSTEMPATH\Validation\Validation.php(156): CodeIgniter\Validation\Validation->fillPlaceholders([...], [...])
 2 SYSTEMPATH\BaseModel.php(1495): CodeIgniter\Validation\Validation->run([...], null, null)
 3 SYSTEMPATH\BaseModel.php(751): CodeIgniter\BaseModel->validate([...])
 4 SYSTEMPATH\Model.php(715): CodeIgniter\BaseModel->insert([...], true)
 5 APPPATH\Controllers\Produk.php(90): CodeIgniter\Model->insert([...])
 6 SYSTEMPATH\CodeIgniter.php(942): App\Controllers\Produk->proses_input()
 7 SYSTEMPATH\CodeIgniter.php(502): CodeIgniter\CodeIgniter->runController(Object(App\Controllers\Produk))
 8 SYSTEMPATH\CodeIgniter.php(361): CodeIgniter\CodeIgniter->handleRequest(null, Object(Config\Cache), false)
 9 FCPATH\index.php(79): CodeIgniter\CodeIgniter->run()
10 SYSTEMPATH\Commands\Server\rewrite.php(47): require_once('D:\\Kerjaan\\web-dev\\materi praktek\\cart_online_4nim\\public\\index.php')
CRITICAL - 2023-11-16 09:34:19 --> The placeholder field cannot use placeholder: kode_produk
in SYSTEMPATH\Validation\Validation.php on line 777.
 1 SYSTEMPATH\Validation\Validation.php(156): CodeIgniter\Validation\Validation->fillPlaceholders([...], [...])
 2 SYSTEMPATH\BaseModel.php(1495): CodeIgniter\Validation\Validation->run([...], null, null)
 3 SYSTEMPATH\BaseModel.php(751): CodeIgniter\BaseModel->validate([...])
 4 SYSTEMPATH\Model.php(715): CodeIgniter\BaseModel->insert([...], true)
 5 APPPATH\Controllers\Produk.php(90): CodeIgniter\Model->insert([...])
 6 SYSTEMPATH\CodeIgniter.php(942): App\Controllers\Produk->proses_input()
 7 SYSTEMPATH\CodeIgniter.php(502): CodeIgniter\CodeIgniter->runController(Object(App\Controllers\Produk))
 8 SYSTEMPATH\CodeIgniter.php(361): CodeIgniter\CodeIgniter->handleRequest(null, Object(Config\Cache), false)
 9 FCPATH\index.php(79): CodeIgniter\CodeIgniter->run()
10 SYSTEMPATH\Commands\Server\rewrite.php(47): require_once('D:\\Kerjaan\\web-dev\\materi praktek\\cart_online_4nim\\public\\index.php')
CRITICAL - 2023-11-16 09:36:55 --> No validation rules for the placeholder: id_produk
in SYSTEMPATH\Validation\Validation.php on line 769.
 1 SYSTEMPATH\Validation\Validation.php(156): CodeIgniter\Validation\Validation->fillPlaceholders([...], [...])
 2 SYSTEMPATH\BaseModel.php(1495): CodeIgniter\Validation\Validation->run([...], null, null)
 3 SYSTEMPATH\BaseModel.php(751): CodeIgniter\BaseModel->validate([...])
 4 SYSTEMPATH\Model.php(715): CodeIgniter\BaseModel->insert([...], true)
 5 APPPATH\Controllers\Produk.php(90): CodeIgniter\Model->insert([...])
 6 SYSTEMPATH\CodeIgniter.php(942): App\Controllers\Produk->proses_input()
 7 SYSTEMPATH\CodeIgniter.php(502): CodeIgniter\CodeIgniter->runController(Object(App\Controllers\Produk))
 8 SYSTEMPATH\CodeIgniter.php(361): CodeIgniter\CodeIgniter->handleRequest(null, Object(Config\Cache), false)
 9 FCPATH\index.php(79): CodeIgniter\CodeIgniter->run()
10 SYSTEMPATH\Commands\Server\rewrite.php(47): require_once('D:\\Kerjaan\\web-dev\\materi praktek\\cart_online_4nim\\public\\index.php')
CRITICAL - 2023-11-16 09:38:42 --> The placeholder field cannot use placeholder: kode_produk
in SYSTEMPATH\Validation\Validation.php on line 777.
 1 SYSTEMPATH\Validation\Validation.php(156): CodeIgniter\Validation\Validation->fillPlaceholders([...], [...])
 2 SYSTEMPATH\BaseModel.php(1495): CodeIgniter\Validation\Validation->run([...], null, null)
 3 SYSTEMPATH\BaseModel.php(751): CodeIgniter\BaseModel->validate([...])
 4 SYSTEMPATH\Model.php(715): CodeIgniter\BaseModel->insert([...], true)
 5 APPPATH\Controllers\Produk.php(90): CodeIgniter\Model->insert([...])
 6 SYSTEMPATH\CodeIgniter.php(942): App\Controllers\Produk->proses_input()
 7 SYSTEMPATH\CodeIgniter.php(502): CodeIgniter\CodeIgniter->runController(Object(App\Controllers\Produk))
 8 SYSTEMPATH\CodeIgniter.php(361): CodeIgniter\CodeIgniter->handleRequest(null, Object(Config\Cache), false)
 9 FCPATH\index.php(79): CodeIgniter\CodeIgniter->run()
10 SYSTEMPATH\Commands\Server\rewrite.php(47): require_once('D:\\Kerjaan\\web-dev\\materi praktek\\cart_online_4nim\\public\\index.php')
CRITICAL - 2023-11-16 09:39:15 --> The placeholder field cannot use placeholder: kode_produk
in SYSTEMPATH\Validation\Validation.php on line 777.
 1 SYSTEMPATH\Validation\Validation.php(156): CodeIgniter\Validation\Validation->fillPlaceholders([...], [...])
 2 SYSTEMPATH\BaseModel.php(1495): CodeIgniter\Validation\Validation->run([...], null, null)
 3 SYSTEMPATH\BaseModel.php(751): CodeIgniter\BaseModel->validate([...])
 4 SYSTEMPATH\Model.php(715): CodeIgniter\BaseModel->insert([...], true)
 5 APPPATH\Controllers\Produk.php(90): CodeIgniter\Model->insert([...])
 6 SYSTEMPATH\CodeIgniter.php(942): App\Controllers\Produk->proses_input()
 7 SYSTEMPATH\CodeIgniter.php(502): CodeIgniter\CodeIgniter->runController(Object(App\Controllers\Produk))
 8 SYSTEMPATH\CodeIgniter.php(361): CodeIgniter\CodeIgniter->handleRequest(null, Object(Config\Cache), false)
 9 FCPATH\index.php(79): CodeIgniter\CodeIgniter->run()
10 SYSTEMPATH\Commands\Server\rewrite.php(47): require_once('D:\\Kerjaan\\web-dev\\materi praktek\\cart_online_4nim\\public\\index.php')
CRITICAL - 2023-11-16 09:40:53 --> Undefined array key "id_produk"
in APPPATH\Controllers\Produk.php on line 60.
 1 APPPATH\Controllers\Produk.php(60): CodeIgniter\Debug\Exceptions->errorHandler(2, 'Undefined array key "id_produk"', 'D:\\Kerjaan\\web-dev\\materi praktek\\cart_online_4nim\\app\\Controllers\\Produk.php', 60)
 2 SYSTEMPATH\CodeIgniter.php(942): App\Controllers\Produk->proses_input()
 3 SYSTEMPATH\CodeIgniter.php(502): CodeIgniter\CodeIgniter->runController(Object(App\Controllers\Produk))
 4 SYSTEMPATH\CodeIgniter.php(361): CodeIgniter\CodeIgniter->handleRequest(null, Object(Config\Cache), false)
 5 FCPATH\index.php(79): CodeIgniter\CodeIgniter->run()
 6 SYSTEMPATH\Commands\Server\rewrite.php(47): require_once('D:\\Kerjaan\\web-dev\\materi praktek\\cart_online_4nim\\public\\index.php')
CRITICAL - 2023-11-16 09:45:04 --> Undefined variable $pencarian_id_produk
in APPPATH\Controllers\Produk.php on line 23.
 1 APPPATH\Controllers\Produk.php(23): CodeIgniter\Debug\Exceptions->errorHandler(2, 'Undefined variable $pencarian_id_produk', 'D:\\Kerjaan\\web-dev\\materi praktek\\cart_online_4nim\\app\\Controllers\\Produk.php', 23)
 2 SYSTEMPATH\CodeIgniter.php(942): App\Controllers\Produk->index()
 3 SYSTEMPATH\CodeIgniter.php(502): CodeIgniter\CodeIgniter->runController(Object(App\Controllers\Produk))
 4 SYSTEMPATH\CodeIgniter.php(361): CodeIgniter\CodeIgniter->handleRequest(null, Object(Config\Cache), false)
 5 FCPATH\index.php(79): CodeIgniter\CodeIgniter->run()
 6 SYSTEMPATH\Commands\Server\rewrite.php(47): require_once('D:\\Kerjaan\\web-dev\\materi praktek\\cart_online_4nim\\public\\index.php')
CRITICAL - 2023-11-16 09:45:22 --> Cannot use object of type mysqli as array
in APPPATH\Views\produk\list.php on line 29.
 1 SYSTEMPATH\View\View.php(228): include()
 2 SYSTEMPATH\View\View.php(231): CodeIgniter\View\View->CodeIgniter\View\{closure}()
 3 SYSTEMPATH\Common.php(1190): CodeIgniter\View\View->render('produk/list', [], true)
 4 APPPATH\Controllers\Produk.php(33): view('produk/list', [...])
 5 SYSTEMPATH\CodeIgniter.php(942): App\Controllers\Produk->index()
 6 SYSTEMPATH\CodeIgniter.php(502): CodeIgniter\CodeIgniter->runController(Object(App\Controllers\Produk))
 7 SYSTEMPATH\CodeIgniter.php(361): CodeIgniter\CodeIgniter->handleRequest(null, Object(Config\Cache), false)
 8 FCPATH\index.php(79): CodeIgniter\CodeIgniter->run()
 9 SYSTEMPATH\Commands\Server\rewrite.php(47): require_once('D:\\Kerjaan\\web-dev\\materi praktek\\cart_online_4nim\\public\\index.php')
CRITICAL - 2023-11-16 09:46:37 --> Undefined variable $arr_produk
in APPPATH\Views\produk\list.php on line 27.
 1 APPPATH\Views\produk\list.php(27): CodeIgniter\Debug\Exceptions->errorHandler(2, 'Undefined variable $arr_produk', 'D:\\Kerjaan\\web-dev\\materi praktek\\cart_online_4nim\\app\\Views\\produk\\list.php', 27)
 2 SYSTEMPATH\View\View.php(228): include('D:\\Kerjaan\\web-dev\\materi praktek\\cart_online_4nim\\app\\Views\\produk\\list.php')
 3 SYSTEMPATH\View\View.php(231): CodeIgniter\View\View->CodeIgniter\View\{closure}()
 4 SYSTEMPATH\Common.php(1190): CodeIgniter\View\View->render('produk/list', [], true)
 5 APPPATH\Controllers\Produk.php(33): view('produk/list', [...])
 6 SYSTEMPATH\CodeIgniter.php(942): App\Controllers\Produk->index()
 7 SYSTEMPATH\CodeIgniter.php(502): CodeIgniter\CodeIgniter->runController(Object(App\Controllers\Produk))
 8 SYSTEMPATH\CodeIgniter.php(361): CodeIgniter\CodeIgniter->handleRequest(null, Object(Config\Cache), false)
 9 FCPATH\index.php(79): CodeIgniter\CodeIgniter->run()
10 SYSTEMPATH\Commands\Server\rewrite.php(47): require_once('D:\\Kerjaan\\web-dev\\materi praktek\\cart_online_4nim\\public\\index.php')
CRITICAL - 2023-11-16 09:47:02 --> Unsupported operand types: string + int
in APPPATH\Views\produk\list.php on line 30.
 1 SYSTEMPATH\View\View.php(228): include()
 2 SYSTEMPATH\View\View.php(231): CodeIgniter\View\View->CodeIgniter\View\{closure}()
 3 SYSTEMPATH\Common.php(1190): CodeIgniter\View\View->render('produk/list', [], true)
 4 APPPATH\Controllers\Produk.php(33): view('produk/list', [...])
 5 SYSTEMPATH\CodeIgniter.php(942): App\Controllers\Produk->index()
 6 SYSTEMPATH\CodeIgniter.php(502): CodeIgniter\CodeIgniter->runController(Object(App\Controllers\Produk))
 7 SYSTEMPATH\CodeIgniter.php(361): CodeIgniter\CodeIgniter->handleRequest(null, Object(Config\Cache), false)
 8 FCPATH\index.php(79): CodeIgniter\CodeIgniter->run()
 9 SYSTEMPATH\Commands\Server\rewrite.php(47): require_once('D:\\Kerjaan\\web-dev\\materi praktek\\cart_online_4nim\\public\\index.php')
CRITICAL - 2023-11-16 09:47:24 --> Undefined property: mysqli::$kode_produk
in APPPATH\Views\produk\list.php on line 31.
 1 APPPATH\Views\produk\list.php(31): CodeIgniter\Debug\Exceptions->errorHandler(2, 'Undefined property: mysqli::$kode_produk', 'D:\\Kerjaan\\web-dev\\materi praktek\\cart_online_4nim\\app\\Views\\produk\\list.php', 31)
 2 SYSTEMPATH\View\View.php(228): include('D:\\Kerjaan\\web-dev\\materi praktek\\cart_online_4nim\\app\\Views\\produk\\list.php')
 3 SYSTEMPATH\View\View.php(231): CodeIgniter\View\View->CodeIgniter\View\{closure}()
 4 SYSTEMPATH\Common.php(1190): CodeIgniter\View\View->render('produk/list', [], true)
 5 APPPATH\Controllers\Produk.php(33): view('produk/list', [...])
 6 SYSTEMPATH\CodeIgniter.php(942): App\Controllers\Produk->index()
 7 SYSTEMPATH\CodeIgniter.php(502): CodeIgniter\CodeIgniter->runController(Object(App\Controllers\Produk))
 8 SYSTEMPATH\CodeIgniter.php(361): CodeIgniter\CodeIgniter->handleRequest(null, Object(Config\Cache), false)
 9 FCPATH\index.php(79): CodeIgniter\CodeIgniter->run()
10 SYSTEMPATH\Commands\Server\rewrite.php(47): require_once('D:\\Kerjaan\\web-dev\\materi praktek\\cart_online_4nim\\public\\index.php')
CRITICAL - 2023-11-16 09:47:43 --> Unsupported operand types: string + int
in APPPATH\Views\produk\list.php on line 30.
 1 SYSTEMPATH\View\View.php(228): include()
 2 SYSTEMPATH\View\View.php(231): CodeIgniter\View\View->CodeIgniter\View\{closure}()
 3 SYSTEMPATH\Common.php(1190): CodeIgniter\View\View->render('produk/list', [], true)
 4 APPPATH\Controllers\Produk.php(33): view('produk/list', [...])
 5 SYSTEMPATH\CodeIgniter.php(942): App\Controllers\Produk->index()
 6 SYSTEMPATH\CodeIgniter.php(502): CodeIgniter\CodeIgniter->runController(Object(App\Controllers\Produk))
 7 SYSTEMPATH\CodeIgniter.php(361): CodeIgniter\CodeIgniter->handleRequest(null, Object(Config\Cache), false)
 8 FCPATH\index.php(79): CodeIgniter\CodeIgniter->run()
 9 SYSTEMPATH\Commands\Server\rewrite.php(47): require_once('D:\\Kerjaan\\web-dev\\materi praktek\\cart_online_4nim\\public\\index.php')
CRITICAL - 2023-11-16 09:47:55 --> Undefined property: mysqli::$kode_produk
in APPPATH\Views\produk\list.php on line 31.
 1 APPPATH\Views\produk\list.php(31): CodeIgniter\Debug\Exceptions->errorHandler(2, 'Undefined property: mysqli::$kode_produk', 'D:\\Kerjaan\\web-dev\\materi praktek\\cart_online_4nim\\app\\Views\\produk\\list.php', 31)
 2 SYSTEMPATH\View\View.php(228): include('D:\\Kerjaan\\web-dev\\materi praktek\\cart_online_4nim\\app\\Views\\produk\\list.php')
 3 SYSTEMPATH\View\View.php(231): CodeIgniter\View\View->CodeIgniter\View\{closure}()
 4 SYSTEMPATH\Common.php(1190): CodeIgniter\View\View->render('produk/list', [], true)
 5 APPPATH\Controllers\Produk.php(33): view('produk/list', [...])
 6 SYSTEMPATH\CodeIgniter.php(942): App\Controllers\Produk->index()
 7 SYSTEMPATH\CodeIgniter.php(502): CodeIgniter\CodeIgniter->runController(Object(App\Controllers\Produk))
 8 SYSTEMPATH\CodeIgniter.php(361): CodeIgniter\CodeIgniter->handleRequest(null, Object(Config\Cache), false)
 9 FCPATH\index.php(79): CodeIgniter\CodeIgniter->run()
10 SYSTEMPATH\Commands\Server\rewrite.php(47): require_once('D:\\Kerjaan\\web-dev\\materi praktek\\cart_online_4nim\\public\\index.php')
CRITICAL - 2023-11-16 09:48:03 --> Undefined property: mysqli::$kode_produk
in APPPATH\Views\produk\list.php on line 31.
 1 APPPATH\Views\produk\list.php(31): CodeIgniter\Debug\Exceptions->errorHandler(2, 'Undefined property: mysqli::$kode_produk', 'D:\\Kerjaan\\web-dev\\materi praktek\\cart_online_4nim\\app\\Views\\produk\\list.php', 31)
 2 SYSTEMPATH\View\View.php(228): include('D:\\Kerjaan\\web-dev\\materi praktek\\cart_online_4nim\\app\\Views\\produk\\list.php')
 3 SYSTEMPATH\View\View.php(231): CodeIgniter\View\View->CodeIgniter\View\{closure}()
 4 SYSTEMPATH\Common.php(1190): CodeIgniter\View\View->render('produk/list', [], true)
 5 APPPATH\Controllers\Produk.php(33): view('produk/list', [...])
 6 SYSTEMPATH\CodeIgniter.php(942): App\Controllers\Produk->index()
 7 SYSTEMPATH\CodeIgniter.php(502): CodeIgniter\CodeIgniter->runController(Object(App\Controllers\Produk))
 8 SYSTEMPATH\CodeIgniter.php(361): CodeIgniter\CodeIgniter->handleRequest(null, Object(Config\Cache), false)
 9 FCPATH\index.php(79): CodeIgniter\CodeIgniter->run()
10 SYSTEMPATH\Commands\Server\rewrite.php(47): require_once('D:\\Kerjaan\\web-dev\\materi praktek\\cart_online_4nim\\public\\index.php')
CRITICAL - 2023-11-16 09:48:07 --> Undefined property: mysqli::$kode_produk
in APPPATH\Views\produk\list.php on line 31.
 1 APPPATH\Views\produk\list.php(31): CodeIgniter\Debug\Exceptions->errorHandler(2, 'Undefined property: mysqli::$kode_produk', 'D:\\Kerjaan\\web-dev\\materi praktek\\cart_online_4nim\\app\\Views\\produk\\list.php', 31)
 2 SYSTEMPATH\View\View.php(228): include('D:\\Kerjaan\\web-dev\\materi praktek\\cart_online_4nim\\app\\Views\\produk\\list.php')
 3 SYSTEMPATH\View\View.php(231): CodeIgniter\View\View->CodeIgniter\View\{closure}()
 4 SYSTEMPATH\Common.php(1190): CodeIgniter\View\View->render('produk/list', [], true)
 5 APPPATH\Controllers\Produk.php(33): view('produk/list', [...])
 6 SYSTEMPATH\CodeIgniter.php(942): App\Controllers\Produk->index()
 7 SYSTEMPATH\CodeIgniter.php(502): CodeIgniter\CodeIgniter->runController(Object(App\Controllers\Produk))
 8 SYSTEMPATH\CodeIgniter.php(361): CodeIgniter\CodeIgniter->handleRequest(null, Object(Config\Cache), false)
 9 FCPATH\index.php(79): CodeIgniter\CodeIgniter->run()
10 SYSTEMPATH\Commands\Server\rewrite.php(47): require_once('D:\\Kerjaan\\web-dev\\materi praktek\\cart_online_4nim\\public\\index.php')
CRITICAL - 2023-11-16 09:48:08 --> Undefined property: mysqli::$kode_produk
in APPPATH\Views\produk\list.php on line 31.
 1 APPPATH\Views\produk\list.php(31): CodeIgniter\Debug\Exceptions->errorHandler(2, 'Undefined property: mysqli::$kode_produk', 'D:\\Kerjaan\\web-dev\\materi praktek\\cart_online_4nim\\app\\Views\\produk\\list.php', 31)
 2 SYSTEMPATH\View\View.php(228): include('D:\\Kerjaan\\web-dev\\materi praktek\\cart_online_4nim\\app\\Views\\produk\\list.php')
 3 SYSTEMPATH\View\View.php(231): CodeIgniter\View\View->CodeIgniter\View\{closure}()
 4 SYSTEMPATH\Common.php(1190): CodeIgniter\View\View->render('produk/list', [], true)
 5 APPPATH\Controllers\Produk.php(33): view('produk/list', [...])
 6 SYSTEMPATH\CodeIgniter.php(942): App\Controllers\Produk->index()
 7 SYSTEMPATH\CodeIgniter.php(502): CodeIgniter\CodeIgniter->runController(Object(App\Controllers\Produk))
 8 SYSTEMPATH\CodeIgniter.php(361): CodeIgniter\CodeIgniter->handleRequest(null, Object(Config\Cache), false)
 9 FCPATH\index.php(79): CodeIgniter\CodeIgniter->run()
10 SYSTEMPATH\Commands\Server\rewrite.php(47): require_once('D:\\Kerjaan\\web-dev\\materi praktek\\cart_online_4nim\\public\\index.php')
CRITICAL - 2023-11-16 09:48:26 --> Cannot use object of type mysqli as array
in APPPATH\Views\produk\list.php on line 31.
 1 SYSTEMPATH\View\View.php(228): include()
 2 SYSTEMPATH\View\View.php(231): CodeIgniter\View\View->CodeIgniter\View\{closure}()
 3 SYSTEMPATH\Common.php(1190): CodeIgniter\View\View->render('produk/list', [], true)
 4 APPPATH\Controllers\Produk.php(33): view('produk/list', [...])
 5 SYSTEMPATH\CodeIgniter.php(942): App\Controllers\Produk->index()
 6 SYSTEMPATH\CodeIgniter.php(502): CodeIgniter\CodeIgniter->runController(Object(App\Controllers\Produk))
 7 SYSTEMPATH\CodeIgniter.php(361): CodeIgniter\CodeIgniter->handleRequest(null, Object(Config\Cache), false)
 8 FCPATH\index.php(79): CodeIgniter\CodeIgniter->run()
 9 SYSTEMPATH\Commands\Server\rewrite.php(47): require_once('D:\\Kerjaan\\web-dev\\materi praktek\\cart_online_4nim\\public\\index.php')
CRITICAL - 2023-11-16 09:49:10 --> count(): Argument #1 ($value) must be of type Countable|array, null given
in APPPATH\Views\produk\list.php on line 45.
 1 SYSTEMPATH\View\View.php(228): include()
 2 SYSTEMPATH\View\View.php(231): CodeIgniter\View\View->CodeIgniter\View\{closure}()
 3 SYSTEMPATH\Common.php(1190): CodeIgniter\View\View->render('produk/list', [], true)
 4 APPPATH\Controllers\Produk.php(33): view('produk/list', [...])
 5 SYSTEMPATH\CodeIgniter.php(942): App\Controllers\Produk->index()
 6 SYSTEMPATH\CodeIgniter.php(502): CodeIgniter\CodeIgniter->runController(Object(App\Controllers\Produk))
 7 SYSTEMPATH\CodeIgniter.php(361): CodeIgniter\CodeIgniter->handleRequest(null, Object(Config\Cache), false)
 8 FCPATH\index.php(79): CodeIgniter\CodeIgniter->run()
 9 SYSTEMPATH\Commands\Server\rewrite.php(47): require_once('D:\\Kerjaan\\web-dev\\materi praktek\\cart_online_4nim\\public\\index.php')
CRITICAL - 2023-11-16 10:03:14 --> There is no data to update.
in SYSTEMPATH\BaseModel.php on line 1726.
 1 SYSTEMPATH\BaseModel.php(1726): CodeIgniter\Database\Exceptions\DataException::forEmptyDataset('update')
 2 SYSTEMPATH\BaseModel.php(916): CodeIgniter\BaseModel->transformDataToArray(null, 'update')
 3 SYSTEMPATH\Model.php(776): CodeIgniter\BaseModel->update([...], null)
 4 APPPATH\Controllers\Produk.php(98): CodeIgniter\Model->update([...])
 5 SYSTEMPATH\CodeIgniter.php(942): App\Controllers\Produk->proses_input()
 6 SYSTEMPATH\CodeIgniter.php(502): CodeIgniter\CodeIgniter->runController(Object(App\Controllers\Produk))
 7 SYSTEMPATH\CodeIgniter.php(361): CodeIgniter\CodeIgniter->handleRequest(null, Object(Config\Cache), false)
 8 FCPATH\index.php(79): CodeIgniter\CodeIgniter->run()
 9 SYSTEMPATH\Commands\Server\rewrite.php(47): require_once('D:\\Kerjaan\\web-dev\\materi praktek\\cart_online_4nim\\public\\index.php')
